[0.103s] Invoking command in '/home/tanaybensu/ros2_ws/build/assignment1': CMAKE_PREFIX_PATH=/opt/ros/foxy /usr/bin/cmake /home/tanaybensu/ros2_ws/src/assignment1 -DCMAKE_INSTALL_PREFIX=/home/tanaybensu/ros2_ws/install/assignment1
[0.199s] -- The C compiler identification is GNU 9.4.0
[0.271s] -- The CXX compiler identification is GNU 9.4.0
[0.276s] -- Check for working C compiler: /usr/bin/cc
[0.323s] -- Check for working C compiler: /usr/bin/cc -- works
[0.324s] -- Detecting C compiler ABI info
[0.372s] -- Detecting C compiler ABI info - done
[0.381s] -- Detecting C compile features
[0.382s] -- Detecting C compile features - done
[0.384s] -- Check for working CXX compiler: /usr/bin/c++
[0.437s] -- Check for working CXX compiler: /usr/bin/c++ -- works
[0.438s] -- Detecting CXX compiler ABI info
[0.492s] -- Detecting CXX compiler ABI info - done
[0.501s] -- Detecting CXX compile features
[0.501s] -- Detecting CXX compile features - done
[0.504s] -- Found ament_cmake: 0.9.12 (/opt/ros/foxy/share/ament_cmake/cmake)
[0.521s] -- Found PythonInterp: /usr/bin/python3 (found suitable version "3.8.10", minimum required is "3") 
[0.521s] -- Using PYTHON_EXECUTABLE: /usr/bin/python3
[0.680s] -- Found rclcpp: 2.4.3 (/opt/ros/foxy/share/rclcpp/cmake)
[0.730s] -- Using all available rosidl_typesupport_c: rosidl_typesupport_fastrtps_c;rosidl_typesupport_introspection_c
[0.736s] -- Found rosidl_adapter: 1.3.1 (/opt/ros/foxy/share/rosidl_adapter/cmake)
[0.792s] -- Found OpenSSL: /usr/lib/x86_64-linux-gnu/libcrypto.so (found version "1.1.1f")  
[0.813s] -- Found FastRTPS: /opt/ros/foxy/include  
[0.872s] -- Using all available rosidl_typesupport_cpp: rosidl_typesupport_fastrtps_cpp;rosidl_typesupport_introspection_cpp
[0.916s] -- Found rmw_implementation_cmake: 1.0.4 (/opt/ros/foxy/share/rmw_implementation_cmake/cmake)
[0.917s] -- Using RMW implementation 'rmw_fastrtps_cpp' as default
[0.918s] -- Looking for pthread.h
[0.974s] -- Looking for pthread.h - found
[0.974s] -- Performing Test CMAKE_HAVE_LIBC_PTHREAD
[1.027s] -- Performing Test CMAKE_HAVE_LIBC_PTHREAD - Failed
[1.028s] -- Looking for pthread_create in pthreads
[1.072s] -- Looking for pthread_create in pthreads - not found
[1.072s] -- Looking for pthread_create in pthread
[1.122s] -- Looking for pthread_create in pthread - found
[1.123s] -- Found Threads: TRUE  
[1.242s] -- Found rclpy: 1.0.13 (/opt/ros/foxy/share/rclpy/cmake)
[1.306s] -- Configuring done
[1.308s] -- Generating done
[1.309s] -- Build files have been written to: /home/tanaybensu/ros2_ws/build/assignment1
[1.314s] Invoked command in '/home/tanaybensu/ros2_ws/build/assignment1' returned '0': CMAKE_PREFIX_PATH=/opt/ros/foxy /usr/bin/cmake /home/tanaybensu/ros2_ws/src/assignment1 -DCMAKE_INSTALL_PREFIX=/home/tanaybensu/ros2_ws/install/assignment1
[1.316s] Invoking command in '/home/tanaybensu/ros2_ws/build/assignment1': CMAKE_PREFIX_PATH=/opt/ros/foxy /usr/bin/cmake --build /home/tanaybensu/ros2_ws/build/assignment1 -- -j8 -l8
[1.344s] Invoked command in '/home/tanaybensu/ros2_ws/build/assignment1' returned '0': CMAKE_PREFIX_PATH=/opt/ros/foxy /usr/bin/cmake --build /home/tanaybensu/ros2_ws/build/assignment1 -- -j8 -l8
[1.366s] Invoking command in '/home/tanaybensu/ros2_ws/build/assignment1': CMAKE_PREFIX_PATH=/opt/ros/foxy /usr/bin/cmake --install /home/tanaybensu/ros2_ws/build/assignment1
[1.372s] -- Install configuration: ""
[1.372s] -- Installing: /home/tanaybensu/ros2_ws/install/assignment1/share/assignment1/environment/pythonpath.sh
[1.372s] -- Installing: /home/tanaybensu/ros2_ws/install/assignment1/share/assignment1/environment/pythonpath.dsv
[1.372s] -- Installing: /home/tanaybensu/ros2_ws/install/assignment1/lib/python3.8/site-packages/assignment1
[1.372s] -- Installing: /home/tanaybensu/ros2_ws/install/assignment1/lib/python3.8/site-packages/assignment1/__init__.py
[1.393s] Listing '/home/tanaybensu/ros2_ws/install/assignment1/lib/python3.8/site-packages/assignment1'...
[1.393s] Compiling '/home/tanaybensu/ros2_ws/install/assignment1/lib/python3.8/site-packages/assignment1/__init__.py'...
[1.396s] -- Installing: /home/tanaybensu/ros2_ws/install/assignment1/lib/assignment1/cleaner.py
[1.396s] -- Installing: /home/tanaybensu/ros2_ws/install/assignment1/lib/assignment1/tracker.py
[1.397s] -- Installing: /home/tanaybensu/ros2_ws/install/assignment1/share/assignment1//launch
[1.397s] -- Installing: /home/tanaybensu/ros2_ws/install/assignment1/share/assignment1//launch/assignment1.launch.py
[1.397s] -- Installing: /home/tanaybensu/ros2_ws/install/assignment1/share/ament_index/resource_index/package_run_dependencies/assignment1
[1.397s] -- Installing: /home/tanaybensu/ros2_ws/install/assignment1/share/ament_index/resource_index/parent_prefix_path/assignment1
[1.397s] -- Installing: /home/tanaybensu/ros2_ws/install/assignment1/share/assignment1/environment/ament_prefix_path.sh
[1.397s] -- Installing: /home/tanaybensu/ros2_ws/install/assignment1/share/assignment1/environment/ament_prefix_path.dsv
[1.397s] -- Installing: /home/tanaybensu/ros2_ws/install/assignment1/share/assignment1/environment/path.sh
[1.397s] -- Installing: /home/tanaybensu/ros2_ws/install/assignment1/share/assignment1/environment/path.dsv
[1.397s] -- Installing: /home/tanaybensu/ros2_ws/install/assignment1/share/assignment1/local_setup.bash
[1.397s] -- Installing: /home/tanaybensu/ros2_ws/install/assignment1/share/assignment1/local_setup.sh
[1.397s] -- Installing: /home/tanaybensu/ros2_ws/install/assignment1/share/assignment1/local_setup.zsh
[1.398s] -- Installing: /home/tanaybensu/ros2_ws/install/assignment1/share/assignment1/local_setup.dsv
[1.398s] -- Installing: /home/tanaybensu/ros2_ws/install/assignment1/share/assignment1/package.dsv
[1.398s] -- Installing: /home/tanaybensu/ros2_ws/install/assignment1/share/ament_index/resource_index/packages/assignment1
[1.398s] -- Installing: /home/tanaybensu/ros2_ws/install/assignment1/share/assignment1/cmake/assignment1Config.cmake
[1.398s] -- Installing: /home/tanaybensu/ros2_ws/install/assignment1/share/assignment1/cmake/assignment1Config-version.cmake
[1.398s] -- Installing: /home/tanaybensu/ros2_ws/install/assignment1/share/assignment1/package.xml
[1.399s] Invoked command in '/home/tanaybensu/ros2_ws/build/assignment1' returned '0': CMAKE_PREFIX_PATH=/opt/ros/foxy /usr/bin/cmake --install /home/tanaybensu/ros2_ws/build/assignment1
