[0.140s] Invoking command in '/home/tanaybensu/ros2_ws/build/assignment1': CMAKE_PREFIX_PATH=${CMAKE_PREFIX_PATH}:/opt/ros/foxy /usr/bin/cmake --build /home/tanaybensu/ros2_ws/build/assignment1 -- -j8 -l8
[0.177s] Invoked command in '/home/tanaybensu/ros2_ws/build/assignment1' returned '0': CMAKE_PREFIX_PATH=${CMAKE_PREFIX_PATH}:/opt/ros/foxy /usr/bin/cmake --build /home/tanaybensu/ros2_ws/build/assignment1 -- -j8 -l8
[0.204s] Invoking command in '/home/tanaybensu/ros2_ws/build/assignment1': CMAKE_PREFIX_PATH=${CMAKE_PREFIX_PATH}:/opt/ros/foxy /usr/bin/cmake --install /home/tanaybensu/ros2_ws/build/assignment1
[0.212s] -- Install configuration: ""
[0.212s] -- Up-to-date: /home/tanaybensu/ros2_ws/install/assignment1/share/assignment1/environment/pythonpath.sh
[0.212s] -- Up-to-date: /home/tanaybensu/ros2_ws/install/assignment1/share/assignment1/environment/pythonpath.dsv
[0.212s] -- Up-to-date: /home/tanaybensu/ros2_ws/install/assignment1/lib/python3.8/site-packages/assignment1
[0.212s] -- Up-to-date: /home/tanaybensu/ros2_ws/install/assignment1/lib/python3.8/site-packages/assignment1/__init__.py
[0.233s] Listing '/home/tanaybensu/ros2_ws/install/assignment1/lib/python3.8/site-packages/assignment1'...
[0.236s] -- Up-to-date: /home/tanaybensu/ros2_ws/install/assignment1/lib/assignment1/cleaner.py
[0.236s] -- Up-to-date: /home/tanaybensu/ros2_ws/install/assignment1/lib/assignment1/tracker.py
[0.236s] -- Up-to-date: /home/tanaybensu/ros2_ws/install/assignment1/share/assignment1//launch
[0.236s] -- Up-to-date: /home/tanaybensu/ros2_ws/install/assignment1/share/assignment1//launch/assignment1.launch.py
[0.236s] -- Up-to-date: /home/tanaybensu/ros2_ws/install/assignment1/share/ament_index/resource_index/package_run_dependencies/assignment1
[0.237s] -- Up-to-date: /home/tanaybensu/ros2_ws/install/assignment1/share/ament_index/resource_index/parent_prefix_path/assignment1
[0.237s] -- Up-to-date: /home/tanaybensu/ros2_ws/install/assignment1/share/assignment1/environment/ament_prefix_path.sh
[0.237s] -- Up-to-date: /home/tanaybensu/ros2_ws/install/assignment1/share/assignment1/environment/ament_prefix_path.dsv
[0.237s] -- Up-to-date: /home/tanaybensu/ros2_ws/install/assignment1/share/assignment1/environment/path.sh
[0.237s] -- Up-to-date: /home/tanaybensu/ros2_ws/install/assignment1/share/assignment1/environment/path.dsv
[0.237s] -- Up-to-date: /home/tanaybensu/ros2_ws/install/assignment1/share/assignment1/local_setup.bash
[0.237s] -- Up-to-date: /home/tanaybensu/ros2_ws/install/assignment1/share/assignment1/local_setup.sh
[0.237s] -- Up-to-date: /home/tanaybensu/ros2_ws/install/assignment1/share/assignment1/local_setup.zsh
[0.237s] -- Up-to-date: /home/tanaybensu/ros2_ws/install/assignment1/share/assignment1/local_setup.dsv
[0.237s] -- Up-to-date: /home/tanaybensu/ros2_ws/install/assignment1/share/assignment1/package.dsv
[0.237s] -- Up-to-date: /home/tanaybensu/ros2_ws/install/assignment1/share/ament_index/resource_index/packages/assignment1
[0.237s] -- Up-to-date: /home/tanaybensu/ros2_ws/install/assignment1/share/assignment1/cmake/assignment1Config.cmake
[0.237s] -- Up-to-date: /home/tanaybensu/ros2_ws/install/assignment1/share/assignment1/cmake/assignment1Config-version.cmake
[0.237s] -- Up-to-date: /home/tanaybensu/ros2_ws/install/assignment1/share/assignment1/package.xml
[0.238s] Invoked command in '/home/tanaybensu/ros2_ws/build/assignment1' returned '0': CMAKE_PREFIX_PATH=${CMAKE_PREFIX_PATH}:/opt/ros/foxy /usr/bin/cmake --install /home/tanaybensu/ros2_ws/build/assignment1
