[1.661s] DEBUG:colcon:Command line arguments: ['/usr/bin/colcon', 'build', '--packages-select', 'assignment1']
[1.661s] DEBUG:colcon:Parsed command line arguments: Namespace(allow_overriding=[], ament_cmake_args=None, base_paths=['.'], build_base='build', catkin_cmake_args=None, catkin_skip_building_tests=False, cmake_args=None, cmake_clean_cache=False, cmake_clean_first=False, cmake_force_configure=False, cmake_target=None, cmake_target_skip_unavailable=False, continue_on_error=False, event_handlers=None, executor='parallel', ignore_user_meta=False, install_base='install', log_base=None, log_level=None, main=<bound method BuildVerb.main of <colcon_core.verb.build.BuildVerb object at 0x7faa0e1b8ee0>>, merge_install=False, metas=['./colcon.meta'], packages_above=None, packages_above_and_dependencies=None, packages_above_depth=None, packages_end=None, packages_ignore=None, packages_ignore_regex=None, packages_select=['assignment1'], packages_select_build_failed=False, packages_select_by_dep=None, packages_select_regex=None, packages_select_test_failures=False, packages_skip=None, packages_skip_build_finished=False, packages_skip_by_dep=None, packages_skip_regex=None, packages_skip_test_passed=False, packages_skip_up_to=None, packages_start=None, packages_up_to=None, packages_up_to_regex=None, parallel_workers=8, paths=None, symlink_install=False, test_result_base=None, verb_extension=<colcon_core.verb.build.BuildVerb object at 0x7faa0e1b8ee0>, verb_name='build', verb_parser=<colcon_defaults.argument_parser.defaults.DefaultArgumentsDecorator object at 0x7faa0ddb5940>)
[1.732s] Level 1:colcon.colcon_core.package_discovery:discover_packages(colcon_meta) check parameters
[1.732s] Level 1:colcon.colcon_core.package_discovery:discover_packages(recursive) check parameters
[1.732s] Level 1:colcon.colcon_core.package_discovery:discover_packages(ignore) check parameters
[1.732s] Level 1:colcon.colcon_core.package_discovery:discover_packages(path) check parameters
[1.732s] Level 1:colcon.colcon_core.package_discovery:discover_packages(colcon_meta) discover
[1.732s] Level 1:colcon.colcon_core.package_discovery:discover_packages(recursive) discover
[1.732s] INFO:colcon.colcon_core.package_discovery:Crawling recursively for packages in '/home/tanaybensu/ros2_ws'
[1.732s] Level 1:colcon.colcon_core.package_identification:_identify(.) by extensions ['ignore', 'ignore_ament_install']
[1.732s] Level 1:colcon.colcon_core.package_identification:_identify(.) by extension 'ignore'
[1.732s] Level 1:colcon.colcon_core.package_identification:_identify(.) by extension 'ignore_ament_install'
[1.732s] Level 1:colcon.colcon_core.package_identification:_identify(.) by extensions ['colcon_pkg']
[1.732s] Level 1:colcon.colcon_core.package_identification:_identify(.) by extension 'colcon_pkg'
[1.732s] Level 1:colcon.colcon_core.package_identification:_identify(.) by extensions ['colcon_meta']
[1.732s] Level 1:colcon.colcon_core.package_identification:_identify(.) by extension 'colcon_meta'
[1.732s] Level 1:colcon.colcon_core.package_identification:_identify(.) by extensions ['ros']
[1.732s] Level 1:colcon.colcon_core.package_identification:_identify(.) by extension 'ros'
[1.741s] Level 1:colcon.colcon_core.package_identification:_identify(.) by extensions ['cmake', 'python']
[1.741s] Level 1:colcon.colcon_core.package_identification:_identify(.) by extension 'cmake'
[1.741s] Level 1:colcon.colcon_core.package_identification:_identify(.) by extension 'python'
[1.741s] Level 1:colcon.colcon_core.package_identification:_identify(.) by extensions ['python_setup_py']
[1.741s] Level 1:colcon.colcon_core.package_identification:_identify(.) by extension 'python_setup_py'
[1.741s] Level 1:colcon.colcon_core.package_identification:_identify(build) by extensions ['ignore', 'ignore_ament_install']
[1.741s] Level 1:colcon.colcon_core.package_identification:_identify(build) by extension 'ignore'
[1.741s] Level 1:colcon.colcon_core.package_identification:_identify(build) ignored
[1.741s] Level 1:colcon.colcon_core.package_identification:_identify(install) by extensions ['ignore', 'ignore_ament_install']
[1.741s] Level 1:colcon.colcon_core.package_identification:_identify(install) by extension 'ignore'
[1.741s] Level 1:colcon.colcon_core.package_identification:_identify(install) ignored
[1.741s] Level 1:colcon.colcon_core.package_identification:_identify(log) by extensions ['ignore', 'ignore_ament_install']
[1.741s] Level 1:colcon.colcon_core.package_identification:_identify(log) by extension 'ignore'
[1.742s] Level 1:colcon.colcon_core.package_identification:_identify(log) ignored
[1.742s] Level 1:colcon.colcon_core.package_identification:_identify(src) by extensions ['ignore', 'ignore_ament_install']
[1.742s] Level 1:colcon.colcon_core.package_identification:_identify(src) by extension 'ignore'
[1.742s] Level 1:colcon.colcon_core.package_identification:_identify(src) by extension 'ignore_ament_install'
[1.742s] Level 1:colcon.colcon_core.package_identification:_identify(src) by extensions ['colcon_pkg']
[1.742s] Level 1:colcon.colcon_core.package_identification:_identify(src) by extension 'colcon_pkg'
[1.742s] Level 1:colcon.colcon_core.package_identification:_identify(src) by extensions ['colcon_meta']
[1.742s] Level 1:colcon.colcon_core.package_identification:_identify(src) by extension 'colcon_meta'
[1.742s] Level 1:colcon.colcon_core.package_identification:_identify(src) by extensions ['ros']
[1.742s] Level 1:colcon.colcon_core.package_identification:_identify(src) by extension 'ros'
[1.742s] Level 1:colcon.colcon_core.package_identification:_identify(src) by extensions ['cmake', 'python']
[1.742s] Level 1:colcon.colcon_core.package_identification:_identify(src) by extension 'cmake'
[1.742s] Level 1:colcon.colcon_core.package_identification:_identify(src) by extension 'python'
[1.742s] Level 1:colcon.colcon_core.package_identification:_identify(src) by extensions ['python_setup_py']
[1.742s] Level 1:colcon.colcon_core.package_identification:_identify(src) by extension 'python_setup_py'
[1.742s] Level 1:colcon.colcon_core.package_identification:_identify(src/assignment1) by extensions ['ignore', 'ignore_ament_install']
[1.742s] Level 1:colcon.colcon_core.package_identification:_identify(src/assignment1) by extension 'ignore'
[1.742s] Level 1:colcon.colcon_core.package_identification:_identify(src/assignment1) by extension 'ignore_ament_install'
[1.742s] Level 1:colcon.colcon_core.package_identification:_identify(src/assignment1) by extensions ['colcon_pkg']
[1.742s] Level 1:colcon.colcon_core.package_identification:_identify(src/assignment1) by extension 'colcon_pkg'
[1.743s] Level 1:colcon.colcon_core.package_identification:_identify(src/assignment1) by extensions ['colcon_meta']
[1.743s] Level 1:colcon.colcon_core.package_identification:_identify(src/assignment1) by extension 'colcon_meta'
[1.743s] Level 1:colcon.colcon_core.package_identification:_identify(src/assignment1) by extensions ['ros']
[1.743s] Level 1:colcon.colcon_core.package_identification:_identify(src/assignment1) by extension 'ros'
[1.745s] DEBUG:colcon.colcon_core.package_identification:Package 'src/assignment1' with type 'ros.ament_cmake' and name 'assignment1'
[1.745s] Level 1:colcon.colcon_core.package_discovery:discover_packages(recursive) using defaults
[1.745s] Level 1:colcon.colcon_core.package_discovery:discover_packages(ignore) discover
[1.745s] Level 1:colcon.colcon_core.package_discovery:discover_packages(ignore) using defaults
[1.745s] Level 1:colcon.colcon_core.package_discovery:discover_packages(path) discover
[1.745s] Level 1:colcon.colcon_core.package_discovery:discover_packages(path) using defaults
[1.904s] Level 1:colcon.colcon_core.package_discovery:discover_packages(prefix_path) check parameters
[1.904s] Level 1:colcon.colcon_core.package_discovery:discover_packages(prefix_path) discover
[1.961s] DEBUG:colcon.colcon_installed_package_information.package_discovery:Found 1 installed packages in /home/tanaybensu/ros2_ws/install
[1.990s] DEBUG:colcon.colcon_installed_package_information.package_discovery:Found 373 installed packages in /opt/ros/foxy
[1.992s] Level 1:colcon.colcon_core.package_discovery:discover_packages(prefix_path) using defaults
[2.113s] Level 5:colcon.colcon_core.verb:set package 'assignment1' build argument 'cmake_args' from command line to 'None'
[2.113s] Level 5:colcon.colcon_core.verb:set package 'assignment1' build argument 'cmake_target' from command line to 'None'
[2.113s] Level 5:colcon.colcon_core.verb:set package 'assignment1' build argument 'cmake_target_skip_unavailable' from command line to 'False'
[2.113s] Level 5:colcon.colcon_core.verb:set package 'assignment1' build argument 'cmake_clean_cache' from command line to 'False'
[2.114s] Level 5:colcon.colcon_core.verb:set package 'assignment1' build argument 'cmake_clean_first' from command line to 'False'
[2.114s] Level 5:colcon.colcon_core.verb:set package 'assignment1' build argument 'cmake_force_configure' from command line to 'False'
[2.114s] Level 5:colcon.colcon_core.verb:set package 'assignment1' build argument 'ament_cmake_args' from command line to 'None'
[2.114s] Level 5:colcon.colcon_core.verb:set package 'assignment1' build argument 'catkin_cmake_args' from command line to 'None'
[2.114s] Level 5:colcon.colcon_core.verb:set package 'assignment1' build argument 'catkin_skip_building_tests' from command line to 'False'
[2.114s] DEBUG:colcon.colcon_core.verb:Building package 'assignment1' with the following arguments: {'ament_cmake_args': None, 'build_base': '/home/tanaybensu/ros2_ws/build/assignment1', 'catkin_cmake_args': None, 'catkin_skip_building_tests': False, 'cmake_args': None, 'cmake_clean_cache': False, 'cmake_clean_first': False, 'cmake_force_configure': False, 'cmake_target': None, 'cmake_target_skip_unavailable': False, 'install_base': '/home/tanaybensu/ros2_ws/install/assignment1', 'merge_install': False, 'path': '/home/tanaybensu/ros2_ws/src/assignment1', 'symlink_install': False, 'test_result_base': None}
[2.142s] INFO:colcon.colcon_core.executor:Executing jobs using 'parallel' executor
[2.170s] DEBUG:colcon.colcon_parallel_executor.executor.parallel:run_until_complete
[2.171s] INFO:colcon.colcon_ros.task.ament_cmake.build:Building ROS package in '/home/tanaybensu/ros2_ws/src/assignment1' with build type 'ament_cmake'
[2.171s] INFO:colcon.colcon_cmake.task.cmake.build:Building CMake package in '/home/tanaybensu/ros2_ws/src/assignment1'
[2.208s] INFO:colcon.colcon_core.plugin_system:Skipping extension 'colcon_core.shell.bat': Not used on non-Windows systems
[2.208s] INFO:colcon.colcon_core.shell:Skip shell extension 'powershell' for command environment: Not usable outside of PowerShell
[2.208s] DEBUG:colcon.colcon_core.shell:Skip shell extension 'dsv' for command environment
[2.312s] DEBUG:colcon.colcon_core.event_handler.log_command:Invoking command in '/home/tanaybensu/ros2_ws/build/assignment1': CMAKE_PREFIX_PATH=${CMAKE_PREFIX_PATH}:/opt/ros/foxy /usr/bin/cmake --build /home/tanaybensu/ros2_ws/build/assignment1 -- -j8 -l8
[2.348s] DEBUG:colcon.colcon_core.event_handler.log_command:Invoked command in '/home/tanaybensu/ros2_ws/build/assignment1' returned '0': CMAKE_PREFIX_PATH=${CMAKE_PREFIX_PATH}:/opt/ros/foxy /usr/bin/cmake --build /home/tanaybensu/ros2_ws/build/assignment1 -- -j8 -l8
[2.375s] DEBUG:colcon.colcon_core.event_handler.log_command:Invoking command in '/home/tanaybensu/ros2_ws/build/assignment1': CMAKE_PREFIX_PATH=${CMAKE_PREFIX_PATH}:/opt/ros/foxy /usr/bin/cmake --install /home/tanaybensu/ros2_ws/build/assignment1
[2.409s] Level 1:colcon.colcon_core.environment:create_environment_scripts_only(assignment1)
[2.409s] DEBUG:colcon.colcon_core.event_handler.log_command:Invoked command in '/home/tanaybensu/ros2_ws/build/assignment1' returned '0': CMAKE_PREFIX_PATH=${CMAKE_PREFIX_PATH}:/opt/ros/foxy /usr/bin/cmake --install /home/tanaybensu/ros2_ws/build/assignment1
[2.441s] Level 1:colcon.colcon_core.environment:checking '/home/tanaybensu/ros2_ws/install/assignment1' for CMake module files
[2.442s] Level 1:colcon.colcon_core.environment:checking '/home/tanaybensu/ros2_ws/install/assignment1' for CMake config files
[2.442s] Level 1:colcon.colcon_core.shell:create_environment_hook('assignment1', 'cmake_prefix_path')
[2.472s] INFO:colcon.colcon_core.shell:Creating environment hook '/home/tanaybensu/ros2_ws/install/assignment1/share/assignment1/hook/cmake_prefix_path.ps1'
[2.472s] INFO:colcon.colcon_core.shell:Creating environment descriptor '/home/tanaybensu/ros2_ws/install/assignment1/share/assignment1/hook/cmake_prefix_path.dsv'
[2.473s] INFO:colcon.colcon_core.shell:Creating environment hook '/home/tanaybensu/ros2_ws/install/assignment1/share/assignment1/hook/cmake_prefix_path.sh'
[2.473s] Level 1:colcon.colcon_core.environment:checking '/home/tanaybensu/ros2_ws/install/assignment1/lib'
[2.473s] Level 1:colcon.colcon_core.environment:checking '/home/tanaybensu/ros2_ws/install/assignment1/bin'
[2.473s] Level 1:colcon.colcon_core.environment:checking '/home/tanaybensu/ros2_ws/install/assignment1/lib/pkgconfig/assignment1.pc'
[2.474s] Level 1:colcon.colcon_core.environment:checking '/home/tanaybensu/ros2_ws/install/assignment1/lib/python3.8/site-packages'
[2.474s] Level 1:colcon.colcon_core.shell:create_environment_hook('assignment1', 'pythonpath')
[2.503s] INFO:colcon.colcon_core.shell:Creating environment hook '/home/tanaybensu/ros2_ws/install/assignment1/share/assignment1/hook/pythonpath.ps1'
[2.504s] INFO:colcon.colcon_core.shell:Creating environment descriptor '/home/tanaybensu/ros2_ws/install/assignment1/share/assignment1/hook/pythonpath.dsv'
[2.504s] INFO:colcon.colcon_core.shell:Creating environment hook '/home/tanaybensu/ros2_ws/install/assignment1/share/assignment1/hook/pythonpath.sh'
[2.504s] Level 1:colcon.colcon_core.environment:checking '/home/tanaybensu/ros2_ws/install/assignment1/bin'
[2.534s] INFO:colcon.colcon_core.shell:Creating package script '/home/tanaybensu/ros2_ws/install/assignment1/share/assignment1/package.ps1'
[2.534s] INFO:colcon.colcon_core.shell:Creating package descriptor '/home/tanaybensu/ros2_ws/install/assignment1/share/assignment1/package.dsv'
[2.535s] INFO:colcon.colcon_core.shell:Creating package script '/home/tanaybensu/ros2_ws/install/assignment1/share/assignment1/package.sh'
[2.535s] INFO:colcon.colcon_core.shell:Creating package script '/home/tanaybensu/ros2_ws/install/assignment1/share/assignment1/package.bash'
[2.536s] INFO:colcon.colcon_core.shell:Creating package script '/home/tanaybensu/ros2_ws/install/assignment1/share/assignment1/package.zsh'
[2.536s] Level 1:colcon.colcon_core.environment:create_file_with_runtime_dependencies(/home/tanaybensu/ros2_ws/install/assignment1/share/colcon-core/packages/assignment1)
[2.579s] Level 1:colcon.colcon_core.environment:create_environment_scripts_only(assignment1)
[2.609s] Level 1:colcon.colcon_core.environment:checking '/home/tanaybensu/ros2_ws/install/assignment1' for CMake module files
[2.610s] Level 1:colcon.colcon_core.environment:checking '/home/tanaybensu/ros2_ws/install/assignment1' for CMake config files
[2.610s] Level 1:colcon.colcon_core.shell:create_environment_hook('assignment1', 'cmake_prefix_path')
[2.640s] INFO:colcon.colcon_core.shell:Creating environment hook '/home/tanaybensu/ros2_ws/install/assignment1/share/assignment1/hook/cmake_prefix_path.ps1'
[2.640s] INFO:colcon.colcon_core.shell:Creating environment descriptor '/home/tanaybensu/ros2_ws/install/assignment1/share/assignment1/hook/cmake_prefix_path.dsv'
[2.640s] INFO:colcon.colcon_core.shell:Creating environment hook '/home/tanaybensu/ros2_ws/install/assignment1/share/assignment1/hook/cmake_prefix_path.sh'
[2.641s] Level 1:colcon.colcon_core.environment:checking '/home/tanaybensu/ros2_ws/install/assignment1/lib'
[2.641s] Level 1:colcon.colcon_core.environment:checking '/home/tanaybensu/ros2_ws/install/assignment1/bin'
[2.641s] Level 1:colcon.colcon_core.environment:checking '/home/tanaybensu/ros2_ws/install/assignment1/lib/pkgconfig/assignment1.pc'
[2.641s] Level 1:colcon.colcon_core.environment:checking '/home/tanaybensu/ros2_ws/install/assignment1/lib/python3.8/site-packages'
[2.641s] Level 1:colcon.colcon_core.shell:create_environment_hook('assignment1', 'pythonpath')
[2.671s] INFO:colcon.colcon_core.shell:Creating environment hook '/home/tanaybensu/ros2_ws/install/assignment1/share/assignment1/hook/pythonpath.ps1'
[2.671s] INFO:colcon.colcon_core.shell:Creating environment descriptor '/home/tanaybensu/ros2_ws/install/assignment1/share/assignment1/hook/pythonpath.dsv'
[2.671s] INFO:colcon.colcon_core.shell:Creating environment hook '/home/tanaybensu/ros2_ws/install/assignment1/share/assignment1/hook/pythonpath.sh'
[2.672s] Level 1:colcon.colcon_core.environment:checking '/home/tanaybensu/ros2_ws/install/assignment1/bin'
[2.702s] INFO:colcon.colcon_core.shell:Creating package script '/home/tanaybensu/ros2_ws/install/assignment1/share/assignment1/package.ps1'
[2.702s] INFO:colcon.colcon_core.shell:Creating package descriptor '/home/tanaybensu/ros2_ws/install/assignment1/share/assignment1/package.dsv'
[2.703s] INFO:colcon.colcon_core.shell:Creating package script '/home/tanaybensu/ros2_ws/install/assignment1/share/assignment1/package.sh'
[2.703s] INFO:colcon.colcon_core.shell:Creating package script '/home/tanaybensu/ros2_ws/install/assignment1/share/assignment1/package.bash'
[2.703s] INFO:colcon.colcon_core.shell:Creating package script '/home/tanaybensu/ros2_ws/install/assignment1/share/assignment1/package.zsh'
[2.704s] Level 1:colcon.colcon_core.environment:create_file_with_runtime_dependencies(/home/tanaybensu/ros2_ws/install/assignment1/share/colcon-core/packages/assignment1)
[2.704s] DEBUG:colcon.colcon_parallel_executor.executor.parallel:closing loop
[2.704s] DEBUG:colcon.colcon_parallel_executor.executor.parallel:loop closed
[2.704s] DEBUG:colcon.colcon_parallel_executor.executor.parallel:run_until_complete finished with '0'
[2.704s] DEBUG:colcon.colcon_core.event_reactor:joining thread
[2.737s] INFO:colcon.colcon_core.plugin_system:Skipping extension 'colcon_notification.desktop_notification.terminal_notifier': Not used on non-Darwin systems
[2.737s] INFO:colcon.colcon_core.plugin_system:Skipping extension 'colcon_notification.desktop_notification.win32': Not used on non-Windows systems
[2.737s] INFO:colcon.colcon_notification.desktop_notification:Sending desktop notification using 'notify2'
[2.746s] DEBUG:colcon.colcon_core.event_reactor:joined thread
[2.779s] INFO:colcon.colcon_core.shell:Creating prefix script '/home/tanaybensu/ros2_ws/install/local_setup.ps1'
[2.779s] INFO:colcon.colcon_core.shell:Creating prefix util module '/home/tanaybensu/ros2_ws/install/_local_setup_util_ps1.py'
[2.781s] INFO:colcon.colcon_core.shell:Creating prefix chain script '/home/tanaybensu/ros2_ws/install/setup.ps1'
[2.812s] INFO:colcon.colcon_core.shell:Creating prefix script '/home/tanaybensu/ros2_ws/install/local_setup.sh'
[2.813s] INFO:colcon.colcon_core.shell:Creating prefix util module '/home/tanaybensu/ros2_ws/install/_local_setup_util_sh.py'
[2.813s] INFO:colcon.colcon_core.shell:Creating prefix chain script '/home/tanaybensu/ros2_ws/install/setup.sh'
[2.845s] INFO:colcon.colcon_core.shell:Creating prefix script '/home/tanaybensu/ros2_ws/install/local_setup.bash'
[2.845s] INFO:colcon.colcon_core.shell:Creating prefix chain script '/home/tanaybensu/ros2_ws/install/setup.bash'
[2.879s] INFO:colcon.colcon_core.shell:Creating prefix script '/home/tanaybensu/ros2_ws/install/local_setup.zsh'
[2.879s] INFO:colcon.colcon_core.shell:Creating prefix chain script '/home/tanaybensu/ros2_ws/install/setup.zsh'
